# JRE version: OpenJDK Runtime Environment (17.0.11) (build 17.0.11+0--11852314)
# Java VM: OpenJDK 64-Bit Server VM (17.0.11+0--11852314, mixed mode, tiered, compressed oops, compressed class ptrs, g1 gc, windows-amd64)
GC Precious Log:
 CPUs: 12 total, 12 available
 Memory: 16016M
 Large Page Support: Disabled
 NUMA Support: Disabled
 Compressed Oops: Enabled (Zero based)
 Heap Region Size: 2M
 Heap Min Capacity: 8M
 Heap Initial Capacity: 252M
 Heap Max Capacity: 3096M
 Pre-touch: Disabled
 Parallel Workers: 10
 Concurrent Workers: 3
 Concurrent Refinement Workers: 10
 Periodic GC: Disabled
Heap:
 garbage-first heap   total 587776K, used 241965K [0x000000073e800000, 0x0000000800000000)
  region size 2048K, 9 young (18432K), 9 survivors (18432K)
 Metaspace       used 151152K, committed 152256K, reserved 1245184K
  class space    used 19628K, committed 20160K, reserved 1048576K
GC Heap History (20 events):
Event: 990.504 GC heap after
{Heap after GC invocations=75 (full 0):
 garbage-first heap   total 342016K, used 220545K [0x000000073e800000, 0x0000000800000000)
  region size 2048K, 4 young (8192K), 4 survivors (8192K)
 Metaspace       used 149051K, committed 150144K, reserved 1179648K
  class space    used 19507K, committed 20032K, reserved 1048576K
}
Event: 990.696 GC heap before
{Heap before GC invocations=75 (full 0):
 garbage-first heap   total 342016K, used 286081K [0x000000073e800000, 0x0000000800000000)
  region size 2048K, 36 young (73728K), 4 survivors (8192K)
 Metaspace       used 149099K, committed 150144K, reserved 1179648K
  class space    used 19514K, committed 20032K, reserved 1048576K
}
Event: 990.710 GC heap after
{Heap after GC invocations=76 (full 0):
 garbage-first heap   total 587776K, used 225410K [0x000000073e800000, 0x0000000800000000)
  region size 2048K, 3 young (6144K), 3 survivors (6144K)
 Metaspace       used 149099K, committed 150144K, reserved 1179648K
  class space    used 19514K, committed 20032K, reserved 1048576K
}
Event: 991.391 GC heap before
{Heap before GC invocations=76 (full 0):
 garbage-first heap   total 587776K, used 465026K [0x000000073e800000, 0x0000000800000000)
  region size 2048K, 120 young (245760K), 3 survivors (6144K)
 Metaspace       used 149354K, committed 150400K, reserved 1179648K
  class space    used 19545K, committed 20032K, reserved 1048576K
}
Event: 991.403 GC heap after
{Heap after GC invocations=77 (full 0):
 garbage-first heap   total 587776K, used 228289K [0x000000073e800000, 0x0000000800000000)
  region size 2048K, 5 young (10240K), 5 survivors (10240K)
 Metaspace       used 149354K, committed 150400K, reserved 1179648K
  class space    used 19545K, committed 20032K, reserved 1048576K
}
Event: 992.035 GC heap before
{Heap before GC invocations=77 (full 0):
 garbage-first heap   total 587776K, used 469953K [0x000000073e800000, 0x0000000800000000)
  region size 2048K, 124 young (253952K), 5 survivors (10240K)
 Metaspace       used 149820K, committed 150848K, reserved 1179648K
  class space    used 19546K, committed 20032K, reserved 1048576K
}
Event: 992.047 GC heap after
{Heap after GC invocations=78 (full 0):
 garbage-first heap   total 587776K, used 229984K [0x000000073e800000, 0x0000000800000000)
  region size 2048K, 6 young (12288K), 6 survivors (12288K)
 Metaspace       used 149820K, committed 150848K, reserved 1179648K
  class space    used 19546K, committed 20032K, reserved 1048576K
}
Event: 992.538 GC heap before
{Heap before GC invocations=78 (full 0):
 garbage-first heap   total 587776K, used 477792K [0x000000073e800000, 0x0000000800000000)
  region size 2048K, 128 young (262144K), 6 survivors (12288K)
 Metaspace       used 150066K, committed 151168K, reserved 1179648K
  class space    used 19549K, committed 20096K, reserved 1048576K
}
Event: 992.550 GC heap after
{Heap after GC invocations=79 (full 0):
 garbage-first heap   total 587776K, used 231943K [0x000000073e800000, 0x0000000800000000)
  region size 2048K, 7 young (14336K), 7 survivors (14336K)
 Metaspace       used 150066K, committed 151168K, reserved 1179648K
  class space    used 19549K, committed 20096K, reserved 1048576K
}
Event: 993.094 GC heap before
{Heap before GC invocations=79 (full 0):
 garbage-first heap   total 587776K, used 483847K [0x000000073e800000, 0x0000000800000000)
  region size 2048K, 131 young (268288K), 7 survivors (14336K)
 Metaspace       used 150215K, committed 151296K, reserved 1245184K
  class space    used 19563K, committed 20096K, reserved 1048576K
}
Event: 993.108 GC heap after
{Heap after GC invocations=80 (full 0):
 garbage-first heap   total 587776K, used 233619K [0x000000073e800000, 0x0000000800000000)
  region size 2048K, 7 young (14336K), 7 survivors (14336K)
 Metaspace       used 150215K, committed 151296K, reserved 1245184K
  class space    used 19563K, committed 20096K, reserved 1048576K
}
Event: 993.597 GC heap before
{Heap before GC invocations=80 (full 0):
 garbage-first heap   total 587776K, used 493715K [0x000000073e800000, 0x0000000800000000)
  region size 2048K, 134 young (274432K), 7 survivors (14336K)
 Metaspace       used 150355K, committed 151424K, reserved 1245184K
  class space    used 19569K, committed 20096K, reserved 1048576K
}
Event: 993.611 GC heap after
{Heap after GC invocations=81 (full 0):
 garbage-first heap   total 587776K, used 234125K [0x000000073e800000, 0x0000000800000000)
  region size 2048K, 8 young (16384K), 8 survivors (16384K)
 Metaspace       used 150355K, committed 151424K, reserved 1245184K
  class space    used 19569K, committed 20096K, reserved 1048576K
}
Event: 994.104 GC heap before
{Heap before GC invocations=81 (full 0):
 garbage-first heap   total 587776K, used 494221K [0x000000073e800000, 0x0000000800000000)
  region size 2048K, 136 young (278528K), 8 survivors (16384K)
 Metaspace       used 150478K, committed 151552K, reserved 1245184K
  class space    used 19569K, committed 20096K, reserved 1048576K
}
Event: 994.120 GC heap after
{Heap after GC invocations=82 (full 0):
 garbage-first heap   total 587776K, used 236998K [0x000000073e800000, 0x0000000800000000)
  region size 2048K, 9 young (18432K), 9 survivors (18432K)
 Metaspace       used 150478K, committed 151552K, reserved 1245184K
  class space    used 19569K, committed 20096K, reserved 1048576K
}
Event: 994.626 GC heap before
{Heap before GC invocations=82 (full 0):
 garbage-first heap   total 587776K, used 499142K [0x000000073e800000, 0x0000000800000000)
  region size 2048K, 137 young (280576K), 9 survivors (18432K)
 Metaspace       used 150938K, committed 152000K, reserved 1245184K
  class space    used 19623K, committed 20160K, reserved 1048576K
}
Event: 994.648 GC heap after
{Heap after GC invocations=83 (full 0):
 garbage-first heap   total 587776K, used 243037K [0x000000073e800000, 0x0000000800000000)
  region size 2048K, 12 young (24576K), 12 survivors (24576K)
 Metaspace       used 150938K, committed 152000K, reserved 1245184K
  class space    used 19623K, committed 20160K, reserved 1048576K
}
Event: 995.116 GC heap before
{Heap before GC invocations=83 (full 0):
 garbage-first heap   total 587776K, used 499037K [0x000000073e800000, 0x0000000800000000)
  region size 2048K, 137 young (280576K), 12 survivors (24576K)
 Metaspace       used 151098K, committed 152192K, reserved 1245184K
  class space    used 19628K, committed 20160K, reserved 1048576K
}
Event: 995.135 GC heap after
{Heap after GC invocations=84 (full 0):
 garbage-first heap   total 587776K, used 245283K [0x000000073e800000, 0x0000000800000000)
  region size 2048K, 10 young (20480K), 10 survivors (20480K)
 Metaspace       used 151098K, committed 152192K, reserved 1245184K
  class space    used 19628K, committed 20160K, reserved 1048576K
}
Event: 995.808 GC heap before
{Heap before GC invocations=84 (full 0):
 garbage-first heap   total 587776K, used 505379K [0x000000073e800000, 0x0000000800000000)
  region size 2048K, 137 young (280576K), 10 survivors (20480K)
 Metaspace       used 151152K, committed 152256K, reserved 1245184K
  class space    used 19628K, committed 20160K, reserved 1048576K
}

