# JRE version: OpenJDK Runtime Environment (17.0.11) (build 17.0.11+0--11852314)
# Java VM: OpenJDK 64-Bit Server VM (17.0.11+0--11852314, mixed mode, tiered, compressed oops, compressed class ptrs, g1 gc, windows-amd64)
GC Precious Log:
 CPUs: 12 total, 12 available
 Memory: 16016M
 Large Page Support: Disabled
 NUMA Support: Disabled
 Compressed Oops: Enabled (Zero based)
 Heap Region Size: 2M
 Heap Min Capacity: 8M
 Heap Initial Capacity: 252M
 Heap Max Capacity: 3096M
 Pre-touch: Disabled
 Parallel Workers: 10
 Concurrent Workers: 3
 Concurrent Refinement Workers: 10
 Periodic GC: Disabled
Heap:
 garbage-first heap   total 290816K, used 79826K [0x000000073e800000, 0x0000000800000000)
  region size 2048K, 7 young (14336K), 7 survivors (14336K)
 Metaspace       used 57974K, committed 58496K, reserved 1114112K
  class space    used 7811K, committed 8064K, reserved 1048576K
GC Heap History (20 events):
Event: 13.528 GC heap after
{Heap after GC invocations=32 (full 0):
 garbage-first heap   total 241664K, used 61197K [0x000000073e800000, 0x0000000800000000)
  region size 2048K, 2 young (4096K), 2 survivors (4096K)
 Metaspace       used 57380K, committed 57856K, reserved 1114112K
  class space    used 7766K, committed 8000K, reserved 1048576K
}
Event: 14.086 GC heap before
{Heap before GC invocations=32 (full 0):
 garbage-first heap   total 241664K, used 204557K [0x000000073e800000, 0x0000000800000000)
  region size 2048K, 70 young (143360K), 2 survivors (4096K)
 Metaspace       used 57595K, committed 58112K, reserved 1114112K
  class space    used 7777K, committed 8000K, reserved 1048576K
}
Event: 14.091 GC heap after
{Heap after GC invocations=33 (full 0):
 garbage-first heap   total 241664K, used 61776K [0x000000073e800000, 0x0000000800000000)
  region size 2048K, 2 young (4096K), 2 survivors (4096K)
 Metaspace       used 57595K, committed 58112K, reserved 1114112K
  class space    used 7777K, committed 8000K, reserved 1048576K
}
Event: 14.620 GC heap before
{Heap before GC invocations=33 (full 0):
 garbage-first heap   total 241664K, used 205136K [0x000000073e800000, 0x0000000800000000)
  region size 2048K, 70 young (143360K), 2 survivors (4096K)
 Metaspace       used 57919K, committed 58432K, reserved 1114112K
  class space    used 7808K, committed 8064K, reserved 1048576K
}
Event: 14.626 GC heap after
{Heap after GC invocations=34 (full 0):
 garbage-first heap   total 241664K, used 71022K [0x000000073e800000, 0x0000000800000000)
  region size 2048K, 4 young (8192K), 4 survivors (8192K)
 Metaspace       used 57919K, committed 58432K, reserved 1114112K
  class space    used 7808K, committed 8064K, reserved 1048576K
}
Event: 14.984 GC heap before
{Heap before GC invocations=34 (full 0):
 garbage-first heap   total 241664K, used 204142K [0x000000073e800000, 0x0000000800000000)
  region size 2048K, 69 young (141312K), 4 survivors (8192K)
 Metaspace       used 57956K, committed 58496K, reserved 1114112K
  class space    used 7811K, committed 8064K, reserved 1048576K
}
Event: 14.989 GC heap after
{Heap after GC invocations=35 (full 0):
 garbage-first heap   total 241664K, used 71530K [0x000000073e800000, 0x0000000800000000)
  region size 2048K, 4 young (8192K), 4 survivors (8192K)
 Metaspace       used 57956K, committed 58496K, reserved 1114112K
  class space    used 7811K, committed 8064K, reserved 1048576K
}
Event: 15.369 GC heap before
{Heap before GC invocations=35 (full 0):
 garbage-first heap   total 241664K, used 206698K [0x000000073e800000, 0x0000000800000000)
  region size 2048K, 70 young (143360K), 4 survivors (8192K)
 Metaspace       used 57956K, committed 58496K, reserved 1114112K
  class space    used 7811K, committed 8064K, reserved 1048576K
}
Event: 15.374 GC heap after
{Heap after GC invocations=36 (full 0):
 garbage-first heap   total 241664K, used 72607K [0x000000073e800000, 0x0000000800000000)
  region size 2048K, 5 young (10240K), 5 survivors (10240K)
 Metaspace       used 57956K, committed 58496K, reserved 1114112K
  class space    used 7811K, committed 8064K, reserved 1048576K
}
Event: 15.807 GC heap before
{Heap before GC invocations=36 (full 0):
 garbage-first heap   total 241664K, used 201631K [0x000000073e800000, 0x0000000800000000)
  region size 2048K, 69 young (141312K), 5 survivors (10240K)
 Metaspace       used 57961K, committed 58496K, reserved 1114112K
  class space    used 7811K, committed 8064K, reserved 1048576K
}
Event: 15.814 GC heap after
{Heap after GC invocations=37 (full 0):
 garbage-first heap   total 241664K, used 72678K [0x000000073e800000, 0x0000000800000000)
  region size 2048K, 5 young (10240K), 5 survivors (10240K)
 Metaspace       used 57961K, committed 58496K, reserved 1114112K
  class space    used 7811K, committed 8064K, reserved 1048576K
}
Event: 16.134 GC heap before
{Heap before GC invocations=37 (full 0):
 garbage-first heap   total 241664K, used 203750K [0x000000073e800000, 0x0000000800000000)
  region size 2048K, 69 young (141312K), 5 survivors (10240K)
 Metaspace       used 57967K, committed 58496K, reserved 1114112K
  class space    used 7811K, committed 8064K, reserved 1048576K
}
Event: 16.140 GC heap after
{Heap after GC invocations=38 (full 0):
 garbage-first heap   total 290816K, used 74653K [0x000000073e800000, 0x0000000800000000)
  region size 2048K, 6 young (12288K), 6 survivors (12288K)
 Metaspace       used 57967K, committed 58496K, reserved 1114112K
  class space    used 7811K, committed 8064K, reserved 1048576K
}
Event: 16.399 GC heap before
{Heap before GC invocations=38 (full 0):
 garbage-first heap   total 290816K, used 236445K [0x000000073e800000, 0x0000000800000000)
  region size 2048K, 85 young (174080K), 6 survivors (12288K)
 Metaspace       used 57968K, committed 58496K, reserved 1114112K
  class space    used 7811K, committed 8064K, reserved 1048576K
}
Event: 16.405 GC heap after
{Heap after GC invocations=39 (full 0):
 garbage-first heap   total 290816K, used 75529K [0x000000073e800000, 0x0000000800000000)
  region size 2048K, 6 young (12288K), 6 survivors (12288K)
 Metaspace       used 57968K, committed 58496K, reserved 1114112K
  class space    used 7811K, committed 8064K, reserved 1048576K
}
Event: 16.757 GC heap before
{Heap before GC invocations=39 (full 0):
 garbage-first heap   total 290816K, used 237321K [0x000000073e800000, 0x0000000800000000)
  region size 2048K, 85 young (174080K), 6 survivors (12288K)
 Metaspace       used 57971K, committed 58496K, reserved 1114112K
  class space    used 7811K, committed 8064K, reserved 1048576K
}
Event: 16.767 GC heap after
{Heap after GC invocations=40 (full 0):
 garbage-first heap   total 290816K, used 76645K [0x000000073e800000, 0x0000000800000000)
  region size 2048K, 6 young (12288K), 6 survivors (12288K)
 Metaspace       used 57971K, committed 58496K, reserved 1114112K
  class space    used 7811K, committed 8064K, reserved 1048576K
}
Event: 17.426 GC heap before
{Heap before GC invocations=40 (full 0):
 garbage-first heap   total 290816K, used 238437K [0x000000073e800000, 0x0000000800000000)
  region size 2048K, 85 young (174080K), 6 survivors (12288K)
 Metaspace       used 57972K, committed 58496K, reserved 1114112K
  class space    used 7811K, committed 8064K, reserved 1048576K
}
Event: 17.436 GC heap after
{Heap after GC invocations=41 (full 0):
 garbage-first heap   total 290816K, used 78613K [0x000000073e800000, 0x0000000800000000)
  region size 2048K, 6 young (12288K), 6 survivors (12288K)
 Metaspace       used 57972K, committed 58496K, reserved 1114112K
  class space    used 7811K, committed 8064K, reserved 1048576K
}
Event: 17.815 GC heap before
{Heap before GC invocations=41 (full 0):
 garbage-first heap   total 290816K, used 240405K [0x000000073e800000, 0x0000000800000000)
  region size 2048K, 85 young (174080K), 6 survivors (12288K)
 Metaspace       used 57974K, committed 58496K, reserved 1114112K
  class space    used 7811K, committed 8064K, reserved 1048576K
}

